  ▲ Next.js 14.2.23
  - Local:        http://localhost:53614
  - Network:      http://0.0.0.0:53614

 ✓ Starting...
 ✓ Ready in 1720ms
 ○ Compiling / ...
Browserslist: browsers data (caniuse-lite) is 7 months old. Please run:
  npx update-browserslist-db@latest
  Why you should do it regularly: https://github.com/browserslist/update-db#readme
 ✓ Compiled / in 6.6s (699 modules)
 GET / 200 in 7223ms
 ✓ Compiled in 587ms (338 modules)
 ✓ Compiled in 1351ms (690 modules)
 ✓ Compiled in 3.4s (740 modules)
 GET / 200 in 837ms
 ✓ Compiled in 1210ms (727 modules)
 ✓ Compiled in 785ms (727 modules)
 ✓ Compiled in 994ms (727 modules)
 ✓ Compiled in 1183ms (727 modules)
 ✓ Compiled in 1245ms (727 modules)
 ✓ Compiled in 1562ms (727 modules)
 ✓ Compiled in 573ms (727 modules)
 ✓ Compiled in 799ms (727 modules)
 ✓ Compiled in 858ms (727 modules)
 ✓ Compiled in 1070ms (727 modules)
 ✓ Compiled in 677ms (727 modules)
 ✓ Compiled in 1676ms (727 modules)
 GET / 200 in 203ms
 ✓ Compiled in 3.5s (727 modules)
 ✓ Compiled in 1077ms (727 modules)
 GET / 200 in 140ms
 ✓ Compiled in 1965ms (727 modules)
 ✓ Compiled in 1155ms (727 modules)
 ✓ Compiled in 822ms (727 modules)
 ✓ Compiled in 1372ms (727 modules)
 ✓ Compiled in 780ms (727 modules)
 ✓ Compiled in 842ms (727 modules)
 ✓ Compiled in 927ms (727 modules)
 ✓ Compiled in 805ms (727 modules)
 ✓ Compiled in 783ms (727 modules)
 ✓ Compiled in 874ms (727 modules)
 ✓ Compiled in 1258ms (727 modules)
 ✓ Compiled in 643ms (727 modules)
 GET / 200 in 175ms
 ✓ Compiled in 999ms (727 modules)
 GET / 200 in 232ms
 ✓ Compiled in 703ms (727 modules)
 GET / 200 in 85ms
